 [33m[1m⚠[22m[39m The "middleware" file convention is deprecated. Please use "proxy" instead. Learn more: https://nextjs.org/docs/messages/middleware-to-proxy

> Build error occurred
Error: Turbopack build failed with 1 errors:
./app/admin/collections/[id]/edit/page.tsx:5:1
[1m[31mModule not found[39m[22m: Can't resolve [32m'../../admin.module.css'[39m
[0m [90m 3 |[39m [36mimport[39m { useState[33m,[39m useEffect } [36mfrom[39m [32m'react'[39m[33m;[39m
 [90m 4 |[39m [36mimport[39m { useRouter[33m,[39m useParams } [36mfrom[39m [32m'next/navigation'[39m[33m;[39m
[31m[1m>[22m[39m[90m 5 |[39m [36mimport[39m styles [36mfrom[39m [32m'../../admin.module.css'[39m[33m;[39m
 [90m   |[39m [31m[1m^[22m[39m[31m[1m^[22m[39m[31m[1m^[22m[39m[31m[1m^[22m[39m[31m[1m^[22m[39m[31m[1m^[22m[39m[31m[1m^[22m[39m[31m[1m^[22m[39m[31m[1m^[22m[39m[31m[1m^[22m[39m[31m[1m^[22m[39m[31m[1m^[22m[39m[31m[1m^[22m[39m[31m[1m^[22m[39m[31m[1m^[22m[39m[31m[1m^[22m[39m[31m[1m^[22m[39m[31m[1m^[22m[39m[31m[1m^[22m[39m[31m[1m^[22m[39m[31m[1m^[22m[39m[31m[1m^[22m[39m[31m[1m^[22m[39m[31m[1m^[22m[39m[31m[1m^[22m[39m[31m[1m^[22m[39m[31m[1m^[22m[39m[31m[1m^[22m[39m[31m[1m^[22m[39m[31m[1m^[22m[39m[31m[1m^[22m[39m[31m[1m^[22m[39m[31m[1m^[22m[39m[31m[1m^[22m[39m[31m[1m^[22m[39m[31m[1m^[22m[39m[31m[1m^[22m[39m[31m[1m^[22m[39m[31m[1m^[22m[39m[31m[1m^[22m[39m[31m[1m^[22m[39m[31m[1m^[22m[39m[31m[1m^[22m[39m[31m[1m^[22m[39m
 [90m 6 |[39m
 [90m 7 |[39m [36mexport[39m [36mdefault[39m [36mfunction[39m [33mEditCollectionPage[39m() {
 [90m 8 |[39m     [36mconst[39m params [33m=[39m useParams()[33m;[39m[0m



Import traces:
  Client Component Browser:
    ./app/admin/collections/[id]/edit/page.tsx [Client Component Browser]
    ./app/admin/collections/[id]/edit/page.tsx [Server Component]

  Client Component SSR:
    ./app/admin/collections/[id]/edit/page.tsx [Client Component SSR]
    ./app/admin/collections/[id]/edit/page.tsx [Server Component]

https://nextjs.org/docs/messages/module-not-found


    at <unknown> (./app/admin/collections/[id]/edit/page.tsx:5:1)
    at <unknown> (https://nextjs.org/docs/messages/module-not-found)
