[2025-12-08T07:41:51.893Z] Found User for Cart Op 
Data: {
  "userId": "693672611eb0351c6b412a56"
}
-------------------
[2025-12-08T07:41:51.941Z] Cart Saved Successfully 
Data: {
  "newCart": [
    {
      "bookId": "692d8e81331ef96378410342",
      "quantity": 1
    }
  ]
}
-------------------
[2025-12-08T07:41:57.300Z] Found User for Cart Op 
Data: {
  "userId": "693672611eb0351c6b412a56"
}
-------------------
[2025-12-08T07:41:57.369Z] Cart Saved Successfully 
Data: {
  "newCart": [
    {
      "bookId": "692d8e81331ef9637841033b",
      "quantity": 1
    }
  ]
}
-------------------
[2025-12-08T07:49:25.751Z] Action: add | Book: 692d8e81331ef96378410342 
Data: {
  "userId": "693672611eb0351c6b412a56"
}
-------------------
[2025-12-08T07:49:33.246Z] Action: add | Book: 692d8e81331ef9637841033a 
Data: {
  "userId": "693672611eb0351c6b412a56"
}
-------------------
[2025-12-08T07:51:01.476Z] Action: update | Book: 692d8e81331ef9637841033a 
Data: {
  "userId": "693672611eb0351c6b412a56"
}
-------------------
[2025-12-08T07:51:02.734Z] Action: update | Book: 692d8e81331ef9637841033a 
Data: {
  "userId": "693672611eb0351c6b412a56"
}
-------------------
[2025-12-08T07:51:04.246Z] Action: update | Book: 692d8e81331ef9637841033a 
Data: {
  "userId": "693672611eb0351c6b412a56"
}
-------------------
[2025-12-08T07:51:05.579Z] Action: update | Book: 692d8e81331ef9637841033a 
Data: {
  "userId": "693672611eb0351c6b412a56"
}
-------------------
[2025-12-08T10:16:56.318Z] Action: update | Book: 692d8e81331ef96378410342 
Data: {
  "userId": "693672611eb0351c6b412a56"
}
-------------------
[2025-12-08T10:16:58.064Z] Action: update | Book: 692d8e81331ef96378410342 
Data: {
  "userId": "693672611eb0351c6b412a56"
}
-------------------
[2025-12-08T10:17:18.271Z] Action: add | Book: 3 
Data: {
  "userId": "693672611eb0351c6b412a56"
}
-------------------
[2025-12-08T10:41:16.917Z] Action: add | Book: 3 
Data: {
  "userId": "693672611eb0351c6b412a56"
}
-------------------
[2025-12-08T11:13:34.587Z] Action: add | Book: 2 
Data: {
  "userId": "693672611eb0351c6b412a56"
}
-------------------
[2025-12-08T11:19:24.990Z] Action: add | Book: 3 
Data: {
  "userId": "693672611eb0351c6b412a56"
}
-------------------
[2025-12-08T11:19:35.564Z] Action: add | Book: 3 
Data: {
  "userId": "693672611eb0351c6b412a56"
}
-------------------
[2025-12-08T11:24:58.463Z] Action: add | Book: 4 
Data: {
  "userId": "693672611eb0351c6b412a56"
}
-------------------
[2025-12-08T11:34:04.248Z] Action: add | Book: 692d8e81331ef9637841033e 
Data: {
  "userId": "693672611eb0351c6b412a56"
}
-------------------
[2025-12-08T11:34:05.491Z] Action: add | Book: 692d8e81331ef9637841033e 
Data: {
  "userId": "693672611eb0351c6b412a56"
}
-------------------
[2025-12-08T11:34:12.119Z] Action: add | Book: 692d8e81331ef9637841033e 
Data: {
  "userId": "693672611eb0351c6b412a56"
}
-------------------
[2025-12-08T11:34:13.321Z] Action: add | Book: 692d8e81331ef9637841033e 
Data: {
  "userId": "693672611eb0351c6b412a56"
}
-------------------
[2025-12-08T11:34:15.108Z] Action: add | Book: 692d8e81331ef9637841033e 
Data: {
  "userId": "693672611eb0351c6b412a56"
}
-------------------
[2025-12-08T11:34:16.241Z] Action: add | Book: 692d8e81331ef9637841033e 
Data: {
  "userId": "693672611eb0351c6b412a56"
}
-------------------
[2025-12-08T11:41:08.321Z] Action: add | Book: 692d8e81331ef9637841033e 
Data: {
  "userId": "693672611eb0351c6b412a56"
}
-------------------
[2025-12-08T11:41:09.615Z] Action: add | Book: 692d8e81331ef9637841033e 
Data: {
  "userId": "693672611eb0351c6b412a56"
}
-------------------
[2025-12-08T11:48:29.353Z] Action: add | Book: 692d8e81331ef9637841033e 
Data: {
  "userId": "693672611eb0351c6b412a56"
}
-------------------
[2025-12-08T11:48:31.063Z] Action: add | Book: 692d8e81331ef9637841033e 
Data: {
  "userId": "693672611eb0351c6b412a56"
}
-------------------
[2025-12-08T11:48:31.374Z] Action: add | Book: 692d8e81331ef9637841033e 
Data: {
  "userId": "693672611eb0351c6b412a56"
}
-------------------
[2025-12-08T11:48:36.670Z] Action: add | Book: 692d8e81331ef96378410342 
Data: {
  "userId": "693672611eb0351c6b412a56"
}
-------------------
[2025-12-08T11:48:37.592Z] Action: add | Book: 692d8e81331ef96378410342 
Data: {
  "userId": "693672611eb0351c6b412a56"
}
-------------------
[2025-12-08T11:48:39.852Z] Action: add | Book: 692d8e81331ef96378410342 
Data: {
  "userId": "693672611eb0351c6b412a56"
}
-------------------
[2025-12-08T11:48:40.363Z] Action: add | Book: 692d8e81331ef96378410342 
Data: {
  "userId": "693672611eb0351c6b412a56"
}
-------------------
[2025-12-08T11:48:43.476Z] Action: add | Book: 692d8e81331ef96378410342 
Data: {
  "userId": "693672611eb0351c6b412a56"
}
-------------------
[2025-12-08T11:48:49.022Z] Action: add | Book: 692d8e81331ef96378410342 
Data: {
  "userId": "693672611eb0351c6b412a56"
}
-------------------
[2025-12-08T11:50:38.612Z] Action: add | Book: 692d8e81331ef96378410342 
Data: {
  "userId": "693672611eb0351c6b412a56"
}
-------------------
[2025-12-08T11:51:57.589Z] Action: add | Book: 692d8e81331ef96378410342 
Data: {
  "userId": "693672611eb0351c6b412a56"
}
-------------------
[2025-12-08T11:52:25.156Z] Action: add | Book: 692d8e81331ef96378410342 
Data: {
  "userId": "693672611eb0351c6b412a56"
}
-------------------
[2025-12-08T11:52:26.302Z] Action: add | Book: 692d8e81331ef96378410342 
Data: {
  "userId": "693672611eb0351c6b412a56"
}
-------------------
[2025-12-08T11:54:25.526Z] Action: update | Book: 692d8e81331ef9637841033e 
Data: {
  "userId": "693672611eb0351c6b412a56"
}
-------------------
[2025-12-08T11:54:25.634Z] Action: update | Book: 692d8e81331ef9637841033e 
Data: {
  "userId": "693672611eb0351c6b412a56"
}
-------------------
[2025-12-08T11:54:25.853Z] Action: update | Book: 692d8e81331ef9637841033e 
Data: {
  "userId": "693672611eb0351c6b412a56"
}
-------------------
[2025-12-08T11:54:26.161Z] Action: update | Book: 692d8e81331ef9637841033e 
Data: {
  "userId": "693672611eb0351c6b412a56"
}
-------------------
[2025-12-08T11:54:26.394Z] Action: update | Book: 692d8e81331ef9637841033e 
Data: {
  "userId": "693672611eb0351c6b412a56"
}
-------------------
[2025-12-08T11:54:26.628Z] Action: update | Book: 692d8e81331ef9637841033e 
Data: {
  "userId": "693672611eb0351c6b412a56"
}
-------------------
[2025-12-08T11:54:26.830Z] Action: update | Book: 692d8e81331ef9637841033e 
Data: {
  "userId": "693672611eb0351c6b412a56"
}
-------------------
[2025-12-08T11:54:27.033Z] Action: update | Book: 692d8e81331ef9637841033e 
Data: {
  "userId": "693672611eb0351c6b412a56"
}
-------------------
[2025-12-08T11:54:27.797Z] Action: remove | Book: 692d8e81331ef9637841033e 
Data: {
  "userId": "693672611eb0351c6b412a56"
}
-------------------
[2025-12-08T11:54:47.053Z] Action: add | Book: 692d8e81331ef9637841033e 
Data: {
  "userId": "693672611eb0351c6b412a56"
}
-------------------
[2025-12-08T11:54:52.108Z] Action: add | Book: 692d8e81331ef9637841033f 
Data: {
  "userId": "693672611eb0351c6b412a56"
}
-------------------
[2025-12-08T11:54:57.017Z] Action: add | Book: 692d8e81331ef96378410340 
Data: {
  "userId": "693672611eb0351c6b412a56"
}
-------------------
[2025-12-08T11:55:04.191Z] Action: remove | Book: 692d8e81331ef96378410340 
Data: {
  "userId": "693672611eb0351c6b412a56"
}
-------------------
[2025-12-08T11:55:05.810Z] Action: remove | Book: 692d8e81331ef9637841033f 
Data: {
  "userId": "693672611eb0351c6b412a56"
}
-------------------
[2025-12-08T11:55:07.273Z] Action: remove | Book: 692d8e81331ef9637841033e 
Data: {
  "userId": "693672611eb0351c6b412a56"
}
-------------------
[2025-12-08T13:10:14.470Z] Action: update | Book: 692d8e81331ef96378410342 
Data: {
  "userId": "693672611eb0351c6b412a56"
}
-------------------
[2025-12-08T13:10:14.782Z] Action: update | Book: 692d8e81331ef96378410342 
Data: {
  "userId": "693672611eb0351c6b412a56"
}
-------------------
[2025-12-08T13:10:15.267Z] Action: update | Book: 692d8e81331ef96378410342 
Data: {
  "userId": "693672611eb0351c6b412a56"
}
-------------------
[2025-12-08T13:13:15.604Z] Action: remove | Book: 692d8e81331ef96378410342 
Data: {
  "userId": "693672611eb0351c6b412a56"
}
-------------------
[2025-12-08T13:13:16.961Z] Action: remove | Book: 692d8e81331ef9637841033a 
Data: {
  "userId": "693672611eb0351c6b412a56"
}
-------------------
[2025-12-09T08:32:19.744Z] Action: add | Book: 692d8e81331ef9637841033f 
Data: {
  "userId": "693672611eb0351c6b412a56"
}
-------------------
[2025-12-09T08:32:26.008Z] Action: remove | Book: 692d8e81331ef9637841033f 
Data: {
  "userId": "693672611eb0351c6b412a56"
}
-------------------
